d:\daniel olson\desktop\fall2018\csci5607\assignment4\assignment4\assignment4\x64\debug\vc141.pdb
d:\daniel olson\desktop\fall2018\csci5607\assignment4\assignment4\assignment4\x64\debug\vc141.idb
d:\daniel olson\desktop\fall2018\csci5607\assignment4\assignment4\assignment4\x64\debug\vec3.obj
d:\daniel olson\desktop\fall2018\csci5607\assignment4\assignment4\assignment4\x64\debug\vec2.obj
d:\daniel olson\desktop\fall2018\csci5607\assignment4\assignment4\assignment4\x64\debug\transform.obj
d:\daniel olson\desktop\fall2018\csci5607\assignment4\assignment4\assignment4\x64\debug\spotlight.obj
d:\daniel olson\desktop\fall2018\csci5607\assignment4\assignment4\assignment4\x64\debug\spherecollider.obj
d:\daniel olson\desktop\fall2018\csci5607\assignment4\assignment4\assignment4\x64\debug\scene.obj
d:\daniel olson\desktop\fall2018\csci5607\assignment4\assignment4\assignment4\x64\debug\pointlight.obj
d:\daniel olson\desktop\fall2018\csci5607\assignment4\assignment4\assignment4\x64\debug\playermovement.obj
d:\daniel olson\desktop\fall2018\csci5607\assignment4\assignment4\assignment4\x64\debug\meshrenderer.obj
d:\daniel olson\desktop\fall2018\csci5607\assignment4\assignment4\assignment4\x64\debug\mesh.obj
d:\daniel olson\desktop\fall2018\csci5607\assignment4\assignment4\assignment4\x64\debug\material.obj
d:\daniel olson\desktop\fall2018\csci5607\assignment4\assignment4\assignment4\x64\debug\map.obj
d:\daniel olson\desktop\fall2018\csci5607\assignment4\assignment4\assignment4\x64\debug\light.obj
d:\daniel olson\desktop\fall2018\csci5607\assignment4\assignment4\assignment4\x64\debug\gameobject.obj
d:\daniel olson\desktop\fall2018\csci5607\assignment4\assignment4\assignment4\x64\debug\directionallight.obj
d:\daniel olson\desktop\fall2018\csci5607\assignment4\assignment4\assignment4\x64\debug\camera.obj
d:\daniel olson\desktop\fall2018\csci5607\assignment4\assignment4\assignment4\x64\debug\boxcollider.obj
d:\daniel olson\desktop\fall2018\csci5607\assignment4\assignment4\assignment4\x64\debug\assignment4.obj
d:\daniel olson\desktop\fall2018\csci5607\assignment4\assignment4\assignment4\x64\debug\ambientlight.obj
d:\daniel olson\desktop\fall2018\csci5607\assignment4\assignment4\x64\debug\assignment4.exe
d:\daniel olson\desktop\fall2018\csci5607\assignment4\assignment4\x64\debug\assignment4.ilk
d:\daniel olson\desktop\fall2018\csci5607\assignment4\assignment4\x64\debug\assignment4.pdb
d:\daniel olson\desktop\fall2018\csci5607\assignment4\assignment4\assignment4\x64\debug\assignment4.tlog\cl.command.1.tlog
d:\daniel olson\desktop\fall2018\csci5607\assignment4\assignment4\assignment4\x64\debug\assignment4.tlog\cl.read.1.tlog
d:\daniel olson\desktop\fall2018\csci5607\assignment4\assignment4\assignment4\x64\debug\assignment4.tlog\cl.write.1.tlog
d:\daniel olson\desktop\fall2018\csci5607\assignment4\assignment4\assignment4\x64\debug\assignment4.tlog\link.command.1.tlog
d:\daniel olson\desktop\fall2018\csci5607\assignment4\assignment4\assignment4\x64\debug\assignment4.tlog\link.read.1.tlog
d:\daniel olson\desktop\fall2018\csci5607\assignment4\assignment4\assignment4\x64\debug\assignment4.tlog\link.write.1.tlog
